<?xml version="1.0" encoding="UTF-8"?>
<robot generator="Robot 7.0 (Python 3.12.3 on win32)" generated="2024-06-30T21:35:27.483226" rpa="false" schemaversion="5">
<suite id="s1" name="Tastelife-Automation" source="D:\RobotFramework Automation\Tastelife-Automation">
<suite id="s1-s1" name="TestSuites" source="D:\RobotFramework Automation\Tastelife-Automation\TestSuites">
<suite id="s1-s1-s1" name="TasteLifeSign-up" source="D:\RobotFramework Automation\Tastelife-Automation\TestSuites\TasteLifeSign-up.robot">
<test id="s1-s1-s1-t1" name="TC003-Tastelife Signup" line="9">
<kw name="Open Browser" owner="SeleniumLibrary">
<msg time="2024-06-30T21:35:27.885448" level="INFO">Opening browser 'Chrome' to base url 'https://uat.tastelifelivelife.com/'.</msg>
<arg>${URL}</arg>
<arg>${Browser}</arg>
<doc>Opens a new browser instance to the optional ``url``.</doc>
<status status="PASS" start="2024-06-30T21:35:27.885448" elapsed="5.392424"/>
</kw>
<kw name="Maximize Browser Window" owner="SeleniumLibrary">
<msg time="2024-06-30T21:35:33.328034" level="WARN">Keyword 'Capture Page Screenshot' could not be run on failure: Message: no such window: target window already closed
from unknown error: web view not found
  (Session info: chrome=126.0.6478.127)
Stacktrace:
	GetHandleVerifier [0x00007FF66141EEA2+31554]
	(No symbol) [0x00007FF661397ED9]
	(No symbol) [0x00007FF66125872A]
	(No symbol) [0x00007FF66122D995]
	(No symbol) [0x00007FF6612D44D7]
	(No symbol) [0x00007FF6612EC051]
	(No symbol) [0x00007FF6612CCDD3]
	(No symbol) [0x00007FF66129A33B]
	(No symbol) [0x00007FF66129AED1]
	GetHandleVerifier [0x00007FF661728B1D+3217341]
	GetHandleVerifier [0x00007FF661775AE3+3532675]
	GetHandleVerifier [0x00007FF66176B0E0+3489152]
	GetHandleVerifier [0x00007FF6614CE776+750614]
	(No symbol) [0x00007FF6613A375F]
	(No symbol) [0x00007FF66139EB14]
	(No symbol) [0x00007FF66139ECA2]
	(No symbol) [0x00007FF66138E16F]
	BaseThreadInitThunk [0x00007FFDB67A26AD+29]
	RtlUserThreadStart [0x00007FFDB746A9F8+40]
</msg>
<msg time="2024-06-30T21:35:33.345222" level="FAIL">NoSuchWindowException: Message: no such window: target window already closed
from unknown error: web view not found
  (Session info: chrome=126.0.6478.127)
Stacktrace:
	GetHandleVerifier [0x00007FF66141EEA2+31554]
	(No symbol) [0x00007FF661397ED9]
	(No symbol) [0x00007FF66125872A]
	(No symbol) [0x00007FF66122D995]
	(No symbol) [0x00007FF6612D44D7]
	(No symbol) [0x00007FF6612EC051]
	(No symbol) [0x00007FF6612CCDD3]
	(No symbol) [0x00007FF66129A33B]
	(No symbol) [0x00007FF66129AED1]
	GetHandleVerifier [0x00007FF661728B1D+3217341]
	GetHandleVerifier [0x00007FF661775AE3+3532675]
	GetHandleVerifier [0x00007FF66176B0E0+3489152]
	GetHandleVerifier [0x00007FF6614CE776+750614]
	(No symbol) [0x00007FF6613A375F]
	(No symbol) [0x00007FF66139EB14]
	(No symbol) [0x00007FF66139ECA2]
	(No symbol) [0x00007FF66138E16F]
	BaseThreadInitThunk [0x00007FFDB67A26AD+29]
	RtlUserThreadStart [0x00007FFDB746A9F8+40]
</msg>
<doc>Maximizes current browser window.</doc>
<status status="FAIL" start="2024-06-30T21:35:33.282315" elapsed="0.091392">NoSuchWindowException: Message: no such window: target window already closed
from unknown error: web view not found
  (Session info: chrome=126.0.6478.127)
Stacktrace:
	GetHandleVerifier [0x00007FF66141EEA2+31554]
	(No symbol) [0x00007FF661397ED9]
	(No symbol) [0x00007FF66125872A]
	(No symbol) [0x00007FF66122D995]
	(No symbol) [0x00007FF6612D44D7]
	(No symbol) [0x00007FF6612EC051]
	(No symbol) [0x00007FF6612CCDD3]
	(No symbol) [0x00007FF66129A33B]
	(No symbol) [0x00007FF66129AED1]
	GetHandleVerifier [0x00007FF661728B1D+3217341]
	GetHandleVerifier [0x00007FF661775AE3+3532675]
	GetHandleVerifier [0x00007FF66176B0E0+3489152]
	GetHandleVerifier [0x00007FF6614CE776+750614]
	(No symbol) [0x00007FF6613A375F]
	(No symbol) [0x00007FF66139EB14]
	(No symbol) [0x00007FF66139ECA2]
	(No symbol) [0x00007FF66138E16F]
	BaseThreadInitThunk [0x00007FFDB67A26AD+29]
	RtlUserThreadStart [0x00007FFDB746A9F8+40]
</status>
</kw>
<kw name="Wait Until Element Is Visible" owner="SeleniumLibrary">
<arg>xpath=//li[@data-id='3171']</arg>
<doc>Waits until the element ``locator`` is visible.</doc>
<status status="NOT RUN" start="2024-06-30T21:35:33.374715" elapsed="0.000473"/>
</kw>
<kw name="Click Link" owner="SeleniumLibrary">
<arg>link=SIGN UP / LOGIN</arg>
<doc>Clicks a link identified by ``locator``.</doc>
<status status="NOT RUN" start="2024-06-30T21:35:33.375723" elapsed="0.000000"/>
</kw>
<kw name="Click Element" owner="SeleniumLibrary">
<arg>xpath://div[@class='signup']</arg>
<doc>Click the element identified by ``locator``.</doc>
<status status="NOT RUN" start="2024-06-30T21:35:33.376988" elapsed="0.000000"/>
</kw>
<kw name="Input Text" owner="SeleniumLibrary">
<arg>//input[@id='edit-field-first-name-und-0-value']</arg>
<arg>Akhlesh</arg>
<doc>Types the given ``text`` into the text field identified by ``locator``.</doc>
<status status="NOT RUN" start="2024-06-30T21:35:33.376988" elapsed="0.001008"/>
</kw>
<kw name="Input Text" owner="SeleniumLibrary">
<arg>//input[@id='edit-field-middle-name-und-0-value']</arg>
<arg>kumar</arg>
<doc>Types the given ``text`` into the text field identified by ``locator``.</doc>
<status status="NOT RUN" start="2024-06-30T21:35:33.377996" elapsed="0.000000"/>
</kw>
<kw name="Input Text" owner="SeleniumLibrary">
<arg>//input[@id='edit-field-last-name-und-0-value']</arg>
<arg>Vishnoi</arg>
<doc>Types the given ``text`` into the text field identified by ``locator``.</doc>
<status status="NOT RUN" start="2024-06-30T21:35:33.378995" elapsed="0.000000"/>
</kw>
<kw name="Input Text" owner="SeleniumLibrary">
<arg>//input[@id='edit-mail']</arg>
<arg>akhleshvishnoi</arg>
<doc>Types the given ``text`` into the text field identified by ``locator``.</doc>
<status status="NOT RUN" start="2024-06-30T21:35:33.379996" elapsed="0.000000"/>
</kw>
<kw name="Input Text" owner="SeleniumLibrary">
<arg>id=edit-mail</arg>
<arg>Vishnoiakhlesh@gmail.com</arg>
<doc>Types the given ``text`` into the text field identified by ``locator``.</doc>
<status status="NOT RUN" start="2024-06-30T21:35:33.379996" elapsed="0.001003"/>
</kw>
<kw name="Input Text" owner="SeleniumLibrary">
<arg>//input[@id='edit-field-mobile-und-0-value']</arg>
<arg>7989878998</arg>
<doc>Types the given ``text`` into the text field identified by ``locator``.</doc>
<status status="NOT RUN" start="2024-06-30T21:35:33.380999" elapsed="0.001003"/>
</kw>
<kw name="Select From List By Label" owner="SeleniumLibrary">
<arg>xpath=//select[@id='edit-field-user-age-range-und']</arg>
<arg>18-30</arg>
<doc>Selects options from selection list ``locator`` by ``labels``.</doc>
<status status="NOT RUN" start="2024-06-30T21:35:33.383000" elapsed="0.000000"/>
</kw>
<kw name="Select From List By Label" owner="SeleniumLibrary">
<arg>//select[@id='edit-field-gender-und']</arg>
<arg>Male</arg>
<doc>Selects options from selection list ``locator`` by ``labels``.</doc>
<status status="NOT RUN" start="2024-06-30T21:35:33.384017" elapsed="0.000000"/>
</kw>
<kw name="Wait Until Element Is Visible" owner="SeleniumLibrary">
<arg>xpath=//div[@id='edit_field_user_site_und_chosen']</arg>
<doc>Waits until the element ``locator`` is visible.</doc>
<status status="NOT RUN" start="2024-06-30T21:35:33.384017" elapsed="0.001010"/>
</kw>
<kw name="Click Element" owner="SeleniumLibrary">
<arg>id=edit_field_user_site_und_chosen</arg>
<doc>Click the element identified by ``locator``.</doc>
<status status="NOT RUN" start="2024-06-30T21:35:33.385027" elapsed="0.000000"/>
</kw>
<kw name="Click Element" owner="SeleniumLibrary">
<arg>xpath=//div[@id='edit_field_user_site_und_chosen']/div/div/input</arg>
<doc>Click the element identified by ``locator``.</doc>
<status status="NOT RUN" start="2024-06-30T21:35:33.386038" elapsed="0.000000"/>
</kw>
<kw name="Input Text" owner="SeleniumLibrary">
<arg>xpath=//div[@id='edit_field_user_site_und_chosen']/div/div/input</arg>
<arg>Ball</arg>
<doc>Types the given ``text`` into the text field identified by ``locator``.</doc>
<status status="NOT RUN" start="2024-06-30T21:35:33.386038" elapsed="0.001001"/>
</kw>
<kw name="Click Element" owner="SeleniumLibrary">
<arg>xpath=//div[@id='edit_field_user_site_und_chosen']/div/ul/li</arg>
<doc>Click the element identified by ``locator``.</doc>
<status status="NOT RUN" start="2024-06-30T21:35:33.387039" elapsed="0.001000"/>
</kw>
<kw name="Sleep" owner="BuiltIn">
<arg>3s</arg>
<doc>Pauses the test executed for the given time.</doc>
<status status="NOT RUN" start="2024-06-30T21:35:33.389296" elapsed="0.000000"/>
</kw>
<kw name="Select From List By Label" owner="SeleniumLibrary">
<arg>field_company_name[und]</arg>
<arg>ESS</arg>
<doc>Selects options from selection list ``locator`` by ``labels``.</doc>
<status status="NOT RUN" start="2024-06-30T21:35:33.389296" elapsed="0.000000"/>
</kw>
<kw name="Click Element" owner="SeleniumLibrary">
<arg>xpath=//div[@id='edit-field-terms-and-condition']/div/label/span</arg>
<doc>Click the element identified by ``locator``.</doc>
<status status="NOT RUN" start="2024-06-30T21:35:33.389296" elapsed="0.000000"/>
</kw>
<kw name="Page Should Contain" owner="SeleniumLibrary">
<arg>PLEASE READ THE FOLLOWING TERMS AND CONDITIONS CAREFULLY.</arg>
<arg>BY ACCESSING AND USING THIS SITE, YOU ACKNOWLEDGE THAT YOU HAVE READ THESE TERMS AND CONDITIONS AND THAT YOU ACCEPT AND WILL BE BOUND BY THEM.</arg>
<doc>Verifies that current page contains ``text``.</doc>
<status status="NOT RUN" start="2024-06-30T21:35:33.389296" elapsed="0.003251"/>
</kw>
<kw name="Sleep" owner="BuiltIn">
<arg>2s</arg>
<doc>Pauses the test executed for the given time.</doc>
<status status="NOT RUN" start="2024-06-30T21:35:33.393055" elapsed="0.000000"/>
</kw>
<kw name="Click Element" owner="SeleniumLibrary">
<arg>class=jconfirm-closeIcon</arg>
<doc>Click the element identified by ``locator``.</doc>
<status status="NOT RUN" start="2024-06-30T21:35:33.394079" elapsed="0.000000"/>
</kw>
<kw name="Click Element" owner="SeleniumLibrary">
<arg>xpath=//div[@id='edit-field-subscription']/div/label</arg>
<doc>Click the element identified by ``locator``.</doc>
<status status="NOT RUN" start="2024-06-30T21:35:33.394079" elapsed="0.000000"/>
</kw>
<kw name="Click Button" owner="SeleniumLibrary">
<arg>id=edit-submit</arg>
<doc>Clicks the button identified by ``locator``.</doc>
<status status="NOT RUN" start="2024-06-30T21:35:33.395425" elapsed="0.000000"/>
</kw>
<doc>This test case is to verify the Tastelife signup functionality</doc>
<status status="FAIL" start="2024-06-30T21:35:27.885448" elapsed="5.509977">NoSuchWindowException: Message: no such window: target window already closed
from unknown error: web view not found
  (Session info: chrome=126.0.6478.127)
Stacktrace:
	GetHandleVerifier [0x00007FF66141EEA2+31554]
	(No symbol) [0x00007FF661397ED9]
	(No symbol) [0x00007FF66125872A]
	(No symbol) [0x00007FF66122D995]
	(No symbol) [0x00007FF6612D44D7]
	(No symbol) [0x00007FF6612EC051]
	(No symbol) [0x00007FF6612CCDD3]
	(No symbol) [0x00007FF66129A33B]
	(No symbol) [0x00007FF66129AED1]
	GetHandleVerifier [0x00007FF661728B1D+3217341]
	GetHandleVerifier [0x00007FF661775AE3+3532675]
	GetHandleVerifier [0x00007FF66176B0E0+3489152]
	GetHandleVerifier [0x00007FF6614CE776+750614]
	(No symbol) [0x00007FF6613A375F]
	(No symbol) [0x00007FF66139EB14]
	(No symbol) [0x00007FF66139ECA2]
	(No symbol) [0x00007FF66138E16F]
	BaseThreadInitThunk [0x00007FFDB67A26AD+29]
	RtlUserThreadStart [0x00007FFDB746A9F8+40]
</status>
</test>
<status status="FAIL" start="2024-06-30T21:35:27.515324" elapsed="5.887178"/>
</suite>
<status status="FAIL" start="2024-06-30T21:35:27.515324" elapsed="5.890183"/>
</suite>
<status status="FAIL" start="2024-06-30T21:35:27.491803" elapsed="5.916885"/>
</suite>
<statistics>
<total>
<stat pass="0" fail="1" skip="0">All Tests</stat>
</total>
<tag>
</tag>
<suite>
<stat pass="0" fail="1" skip="0" id="s1" name="Tastelife-Automation">Tastelife-Automation</stat>
<stat pass="0" fail="1" skip="0" id="s1-s1" name="TestSuites">Tastelife-Automation.TestSuites</stat>
<stat pass="0" fail="1" skip="0" id="s1-s1-s1" name="TasteLifeSign-up">Tastelife-Automation.TestSuites.TasteLifeSign-up</stat>
</suite>
</statistics>
<errors>
<msg time="2024-06-30T21:35:33.328034" level="WARN">Keyword 'Capture Page Screenshot' could not be run on failure: Message: no such window: target window already closed
from unknown error: web view not found
  (Session info: chrome=126.0.6478.127)
Stacktrace:
	GetHandleVerifier [0x00007FF66141EEA2+31554]
	(No symbol) [0x00007FF661397ED9]
	(No symbol) [0x00007FF66125872A]
	(No symbol) [0x00007FF66122D995]
	(No symbol) [0x00007FF6612D44D7]
	(No symbol) [0x00007FF6612EC051]
	(No symbol) [0x00007FF6612CCDD3]
	(No symbol) [0x00007FF66129A33B]
	(No symbol) [0x00007FF66129AED1]
	GetHandleVerifier [0x00007FF661728B1D+3217341]
	GetHandleVerifier [0x00007FF661775AE3+3532675]
	GetHandleVerifier [0x00007FF66176B0E0+3489152]
	GetHandleVerifier [0x00007FF6614CE776+750614]
	(No symbol) [0x00007FF6613A375F]
	(No symbol) [0x00007FF66139EB14]
	(No symbol) [0x00007FF66139ECA2]
	(No symbol) [0x00007FF66138E16F]
	BaseThreadInitThunk [0x00007FFDB67A26AD+29]
	RtlUserThreadStart [0x00007FFDB746A9F8+40]
</msg>
</errors>
</robot>
